"2025-08-10, 15:26:39, Function name: 'autoInsertRefHead' successfully completed."
"2025-08-10, 15:26:40, Function name: 'autoInsertRefHead' successfully completed."
"2025-08-10, 15:52:09, Function name: 'autoInsertRefHead' successfully completed."
"2025-08-10, 15:52:10, Function name: 'autoInsertRefHead' successfully completed."


Initiating PE_Serverbased application to start with the MS word manuscript...
*********10-08-2025 15:53:26*********

*********10-08-2025 15:53:37*********
Generating Page Count of running manuscript....

*********10-08-2025 15:53:37*********
Inserting workflow for running article....

*********10-08-2025 15:53:38*********
Starting Multi-Module execution...

*********10-08-2025 15:53:38*********
START FILTRATION............
"2025-08-10, 15:53:43, Function name: 'autoInsertRefHead' successfully completed."

*********10-08-2025 15:53:55*********
FILTRATION HAS BEEN COMPLETED............

*********10-08-2025 15:53:55*********
########## ########## ########## ##########
#    Stage succeeded : FILTRATION         #
########## ########## ########## ##########

*********10-08-2025 15:53:55*********
START BODYSTYLING............
"2025-08-10, 16:35:10, Function name: 'autoInsertRefHead' successfully completed."
