"2025-08-12, 11:36:09, Function name: 'autoInsertRefHead' successfully completed."
"2025-08-12, 11:36:09, Function name: 'autoInsertRefHead' successfully completed."


Initiating PE_Serverbased application to start with the MS word manuscript...
*********12-08-2025 11:37:54*********

*********12-08-2025 11:38:06*********
Generating Page Count of running manuscript....

*********12-08-2025 11:38:06*********
Inserting workflow for running article....

*********12-08-2025 11:38:07*********
Starting Multi-Module execution...

*********12-08-2025 11:38:07*********
START FILTRATION............
"2025-08-12, 11:38:10, Function name: 'autoInsertRefHead' successfully completed."

*********12-08-2025 11:38:27*********
FILTRATION HAS BEEN COMPLETED............

*********12-08-2025 11:38:27*********
########## ########## ########## ##########
#    Stage succeeded : FILTRATION         #
########## ########## ########## ##########

*********12-08-2025 11:38:27*********
START BODYSTYLING............
"2025-08-12, 12:40:25, Function name: 'autoInsertRefHead' successfully completed."
