"2025-08-10, 18:11:27, Function name: 'autoInsertRefHead' successfully completed."
"2025-08-10, 18:11:27, Function name: 'autoInsertRefHead' successfully completed."


Initiating PE_Serverbased application to start with the MS word manuscript...
*********10-08-2025 18:21:16*********

*********10-08-2025 18:21:26*********
Generating Page Count of running manuscript....

*********10-08-2025 18:21:26*********
Inserting workflow for running article....

*********10-08-2025 18:21:26*********
Starting Multi-Module execution...

*********10-08-2025 18:21:26*********
START FILTRATION............
"2025-08-10, 18:21:28, Function name: 'autoInsertRefHead' successfully completed."

*********10-08-2025 18:21:35*********
FILTRATION HAS BEEN COMPLETED............

*********10-08-2025 18:21:35*********
########## ########## ########## ##########
#    Stage succeeded : FILTRATION         #
########## ########## ########## ##########

*********10-08-2025 18:21:35*********
START BODYSTYLING............
"2025-08-10, 18:22:29, Function name: 'autoInsertRefHead' successfully completed."
"2025-08-10, 18:43:00, Function name: 'autoInsertRefHead' successfully completed."
